<?xml version="1.0" encoding="UTF-8"?>
<!-- Generated by org.testng.reporters.JUnitReportReporter -->
<testsuite hostname="CHN5CD20223R1" failures="0" tests="6" name="api.test.DDTests" time="13.107" errors="0" timestamp="2024-10-14T13:28:59 IST" skipped="0">
  <testcase classname="api.test.DDTests" name="testPostUsers" time="1.175"/>
  <testcase classname="api.test.DDTests" name="testPostUsers" time="1.216"/>
  <testcase classname="api.test.DDTests" name="testPostUsers" time="7.045"/>
  <testcase classname="api.test.DDTests" name="testDeleteByUserName" time="1.170"/>
  <testcase classname="api.test.DDTests" name="testDeleteByUserName" time="1.237"/>
  <testcase classname="api.test.DDTests" name="testDeleteByUserName" time="1.264"/>
</testsuite> <!-- api.test.DDTests -->
